::1 - - [04/May/2025:19:13:44 +0000] "GET / HTTP/1.1" 404 139 "-" "Mozilla/5.0 (Macintosh; Intel Mac OS X 10_15_7) AppleWebKit/605.1.15 (KHTML, like Gecko) Version/18.4 Safari/605.1.15"
::1 - - [04/May/2025:19:13:44 +0000] "GET /manifest.json HTTP/1.1" 404 152 "http://localhost:3000/" "Mozilla/5.0 (Macintosh; Intel Mac OS X 10_15_7) AppleWebKit/605.1.15 (KHTML, like Gecko) Version/18.4 Safari/605.1.15"
::1 - - [04/May/2025:19:13:44 +0000] "GET /apple-touch-icon-precomposed.png HTTP/1.1" 404 171 "-" "com.apple.WebKit.Networking/20621.1.15.11.10 Network/4277.101.3 macOS/15.4.1"
::1 - - [04/May/2025:19:13:44 +0000] "GET /apple-touch-icon.png HTTP/1.1" 404 159 "-" "com.apple.WebKit.Networking/20621.1.15.11.10 Network/4277.101.3 macOS/15.4.1"
::1 - - [04/May/2025:19:13:44 +0000] "GET /favicon.ico HTTP/1.1" 404 150 "-" "com.apple.WebKit.Networking/20621.1.15.11.10 Network/4277.101.3 macOS/15.4.1"
::1 - - [04/May/2025:19:17:53 +0000] "GET / HTTP/1.1" 200 2029 "-" "Mozilla/5.0 (Macintosh; Intel Mac OS X 10_15_7) AppleWebKit/605.1.15 (KHTML, like Gecko) Version/18.4 Safari/605.1.15"
::1 - - [04/May/2025:19:17:53 +0000] "GET /apple-touch-icon-precomposed.png HTTP/1.1" 404 171 "-" "com.apple.WebKit.Networking/20621.1.15.11.10 Network/4277.101.3 macOS/15.4.1"
::1 - - [04/May/2025:19:17:53 +0000] "GET /apple-touch-icon.png HTTP/1.1" 404 159 "-" "com.apple.WebKit.Networking/20621.1.15.11.10 Network/4277.101.3 macOS/15.4.1"
::1 - - [04/May/2025:19:17:53 +0000] "GET /favicon.ico HTTP/1.1" 404 150 "-" "com.apple.WebKit.Networking/20621.1.15.11.10 Network/4277.101.3 macOS/15.4.1"
::1 - - [04/May/2025:19:17:55 +0000] "GET /content/CNTS_000000000001195 HTTP/1.1" 200 1691 "http://localhost:3000/" "Mozilla/5.0 (Macintosh; Intel Mac OS X 10_15_7) AppleWebKit/605.1.15 (KHTML, like Gecko) Version/18.4 Safari/605.1.15"
::1 - - [04/May/2025:19:21:14 +0000] "GET / HTTP/1.1" 200 3012 "-" "Mozilla/5.0 (Macintosh; Intel Mac OS X 10_15_7) AppleWebKit/605.1.15 (KHTML, like Gecko) Version/18.4 Safari/605.1.15"
::1 - - [04/May/2025:19:21:14 +0000] "GET /apple-touch-icon-precomposed.png HTTP/1.1" 404 171 "-" "com.apple.WebKit.Networking/20621.1.15.11.10 Network/4277.101.3 macOS/15.4.1"
::1 - - [04/May/2025:19:21:14 +0000] "GET /apple-touch-icon.png HTTP/1.1" 404 159 "-" "com.apple.WebKit.Networking/20621.1.15.11.10 Network/4277.101.3 macOS/15.4.1"
::1 - - [04/May/2025:19:21:14 +0000] "GET /favicon.ico HTTP/1.1" 404 150 "-" "com.apple.WebKit.Networking/20621.1.15.11.10 Network/4277.101.3 macOS/15.4.1"
::1 - - [04/May/2025:19:21:35 +0000] "GET / HTTP/1.1" 200 2029 "-" "Mozilla/5.0 (Macintosh; Intel Mac OS X 10_15_7) AppleWebKit/605.1.15 (KHTML, like Gecko) Version/18.4 Safari/605.1.15"
::1 - - [04/May/2025:19:21:35 +0000] "GET /apple-touch-icon-precomposed.png HTTP/1.1" 404 171 "-" "com.apple.WebKit.Networking/20621.1.15.11.10 Network/4277.101.3 macOS/15.4.1"
::1 - - [04/May/2025:19:21:35 +0000] "GET /apple-touch-icon.png HTTP/1.1" 404 159 "-" "com.apple.WebKit.Networking/20621.1.15.11.10 Network/4277.101.3 macOS/15.4.1"
::1 - - [04/May/2025:19:21:35 +0000] "GET /favicon.ico HTTP/1.1" 404 150 "-" "com.apple.WebKit.Networking/20621.1.15.11.10 Network/4277.101.3 macOS/15.4.1"
::1 - - [04/May/2025:19:21:38 +0000] "GET /content/CNTS_000000000001195 HTTP/1.1" 304 - "http://localhost:3000/" "Mozilla/5.0 (Macintosh; Intel Mac OS X 10_15_7) AppleWebKit/605.1.15 (KHTML, like Gecko) Version/18.4 Safari/605.1.15"
::1 - - [04/May/2025:19:21:40 +0000] "GET /content/CNTS_00000000000119 HTTP/1.1" 200 129 "http://localhost:3000/" "Mozilla/5.0 (Macintosh; Intel Mac OS X 10_15_7) AppleWebKit/605.1.15 (KHTML, like Gecko) Version/18.4 Safari/605.1.15"
::1 - - [04/May/2025:19:21:44 +0000] "GET /content/CNTS_000000000001194 HTTP/1.1" 200 129 "http://localhost:3000/" "Mozilla/5.0 (Macintosh; Intel Mac OS X 10_15_7) AppleWebKit/605.1.15 (KHTML, like Gecko) Version/18.4 Safari/605.1.15"
::1 - - [04/May/2025:19:21:46 +0000] "GET /content/CNTS_000000000001195 HTTP/1.1" 304 - "http://localhost:3000/" "Mozilla/5.0 (Macintosh; Intel Mac OS X 10_15_7) AppleWebKit/605.1.15 (KHTML, like Gecko) Version/18.4 Safari/605.1.15"
